This file contains any messages produced by compilers while
running configure, to aid debugging if configure makes a mistake.

It was created by GNU Awk Bundled Extensions configure 5.0.0, which was
generated by GNU Autoconf 2.69.  Invocation command line was

  $ .././gawk-5.0.0/extension/configure --disable-option-checking --prefix=/usr/local --cache-file=/dev/null --srcdir=.././gawk-5.0.0/extension

## --------- ##
## Platform. ##
## --------- ##

hostname = fv-az167-750
uname -m = x86_64
uname -r = 5.11.0-1028-azure
uname -s = Linux
uname -v = #31~20.04.2-Ubuntu SMP Tue Jan 18 08:46:15 UTC 2022

/usr/bin/uname -p = x86_64
/bin/uname -X     = unknown

/bin/arch              = x86_64
/usr/bin/arch -k       = unknown
/usr/convex/getsysinfo = unknown
/usr/bin/hostinfo      = unknown
/bin/machine           = unknown
/usr/bin/oslevel       = unknown
/bin/universe          = unknown

PATH: /home/linuxbrew/.linuxbrew/bin
PATH: /home/linuxbrew/.linuxbrew/sbin
PATH: /home/runner/.local/bin
PATH: /opt/pipx_bin
PATH: /home/runner/.cargo/bin
PATH: /home/runner/.config/composer/vendor/bin
PATH: /usr/local/.ghcup/bin
PATH: /home/runner/.dotnet/tools
PATH: /snap/bin
PATH: /usr/local/sbin
PATH: /usr/local/bin
PATH: /usr/sbin
PATH: /usr/bin
PATH: /sbin
PATH: /bin
PATH: /usr/games
PATH: /usr/local/games
PATH: /snap/bin


## ----------- ##
## Core tests. ##
## ----------- ##

configure:2401: checking for a BSD-compatible install
configure:2469: result: ./gawk-5.0.0/install-sh -c
configure:2480: checking whether build environment is sane
configure:2535: result: yes
configure:2684: checking for a thread-safe mkdir -p
configure:2723: result: /usr/bin/mkdir -p
configure:2730: checking for gawk
configure:2746: found /usr/bin/gawk
configure:2757: result: gawk
configure:2768: checking whether make sets $(MAKE)
configure:2790: result: yes
configure:2819: checking whether make supports nested variables
configure:2836: result: yes
configure:2968: checking whether make supports the include directive
configure:2983: make -f confmf.GNU && cat confinc.out
this is the am__doit target
configure:2986: $? = 0
configure:3005: result: yes (GNU style)
configure:3075: checking for gcc
configure:3091: found /usr/bin/gcc
configure:3102: result: gcc
configure:3331: checking for C compiler version
configure:3340: gcc --version >&5
gcc (Ubuntu 9.3.0-17ubuntu1~20.04) 9.3.0
Copyright (C) 2019 Free Software Foundation, Inc.
This is free software; see the source for copying conditions.  There is NO
warranty; not even for MERCHANTABILITY or FITNESS FOR A PARTICULAR PURPOSE.

configure:3351: $? = 0
configure:3340: gcc -v >&5
Using built-in specs.
COLLECT_GCC=gcc
COLLECT_LTO_WRAPPER=/usr/lib/gcc/x86_64-linux-gnu/9/lto-wrapper
OFFLOAD_TARGET_NAMES=nvptx-none:hsa
OFFLOAD_TARGET_DEFAULT=1
Target: x86_64-linux-gnu
Configured with: ../src/configure -v --with-pkgversion='Ubuntu 9.3.0-17ubuntu1~20.04' --with-bugurl=file:///usr/share/doc/gcc-9/README.Bugs --enable-languages=c,ada,c++,go,brig,d,fortran,objc,obj-c++,gm2 --prefix=/usr --with-gcc-major-version-only --program-suffix=-9 --program-prefix=x86_64-linux-gnu- --enable-shared --enable-linker-build-id --libexecdir=/usr/lib --without-included-gettext --enable-threads=posix --libdir=/usr/lib --enable-nls --enable-clocale=gnu --enable-libstdcxx-debug --enable-libstdcxx-time=yes --with-default-libstdcxx-abi=new --enable-gnu-unique-object --disable-vtable-verify --enable-plugin --enable-default-pie --with-system-zlib --with-target-system-zlib=auto --enable-objc-gc=auto --enable-multiarch --disable-werror --with-arch-32=i686 --with-abi=m64 --with-multilib-list=m32,m64,mx32 --enable-multilib --with-tune=generic --enable-offload-targets=nvptx-none=/build/gcc-9-HskZEa/gcc-9-9.3.0/debian/tmp-nvptx/usr,hsa --without-cuda-driver --enable-checking=release --build=x86_64-linux-gnu --host=x86_64-linux-gnu --target=x86_64-linux-gnu
Thread model: posix
gcc version 9.3.0 (Ubuntu 9.3.0-17ubuntu1~20.04) 
configure:3351: $? = 0
configure:3340: gcc -V >&5
gcc: error: unrecognized command line option '-V'
gcc: fatal error: no input files
compilation terminated.
configure:3351: $? = 1
configure:3340: gcc -qversion >&5
gcc: error: unrecognized command line option '-qversion'; did you mean '--version'?
gcc: fatal error: no input files
compilation terminated.
configure:3351: $? = 1
configure:3371: checking whether the C compiler works
configure:3393: gcc    conftest.c  >&5
configure:3397: $? = 0
configure:3445: result: yes
configure:3448: checking for C compiler default output file name
configure:3450: result: a.out
configure:3456: checking for suffix of executables
configure:3463: gcc -o conftest    conftest.c  >&5
configure:3467: $? = 0
configure:3489: result: 
configure:3511: checking whether we are cross compiling
configure:3519: gcc -o conftest    conftest.c  >&5
configure:3523: $? = 0
configure:3530: ./conftest
configure:3534: $? = 0
configure:3522: result: no
configure:3527: checking for suffix of object files
configure:3549: gcc -c   conftest.c >&5
configure:3553: $? = 0
configure:3574: result: o
configure:3578: checking whether we are using the GNU C compiler
configure:3597: gcc -c   conftest.c >&5
configure:3597: $? = 0
configure:3606: result: yes
configure:3615: checking whether gcc accepts -g
configure:3635: gcc -c -g  conftest.c >&5
configure:3635: $? = 0
configure:3676: result: yes
configure:3693: checking for gcc option to accept ISO C89
configure:3756: gcc  -c -g -O2  conftest.c >&5
configure:3756: $? = 0
configure:3769: result: none needed
configure:3794: checking whether gcc understands -c and -o together
configure:3816: gcc -c conftest.c -o conftest2.o
configure:3819: $? = 0
configure:3816: gcc -c conftest.c -o conftest2.o
configure:3819: $? = 0
configure:3831: result: yes
configure:3850: checking dependency style of gcc
configure:3961: result: gcc3
configure:3982: checking how to run the C preprocessor
configure:4013: gcc -E  conftest.c
configure:4013: $? = 0
configure:4027: gcc -E  conftest.c
conftest.c:11:10: fatal error: ac_nonexistent.h: No such file or directory
   11 | #include <ac_nonexistent.h>
      |          ^~~~~~~~~~~~~~~~~~
compilation terminated.
configure:4027: $? = 1
configure: failed program was:
| /* confdefs.h */
| #define PACKAGE_NAME "GNU Awk Bundled Extensions"
| #define PACKAGE_TARNAME "gawk-extensions"
| #define PACKAGE_VERSION "5.0.0"
| #define PACKAGE_STRING "GNU Awk Bundled Extensions 5.0.0"
| #define PACKAGE_BUGREPORT "bug-gawk@gnu.org"
| #define PACKAGE_URL "http://www.gnu.org/software/gawk-extensions/"
| #define PACKAGE "gawk-extensions"
| #define VERSION "5.0.0"
| /* end confdefs.h.  */
| #include <ac_nonexistent.h>
configure:4052: result: gcc -E
configure:4072: gcc -E  conftest.c
configure:4072: $? = 0
configure:4086: gcc -E  conftest.c
conftest.c:11:10: fatal error: ac_nonexistent.h: No such file or directory
   11 | #include <ac_nonexistent.h>
      |          ^~~~~~~~~~~~~~~~~~
compilation terminated.
configure:4086: $? = 1
configure: failed program was:
| /* confdefs.h */
| #define PACKAGE_NAME "GNU Awk Bundled Extensions"
| #define PACKAGE_TARNAME "gawk-extensions"
| #define PACKAGE_VERSION "5.0.0"
| #define PACKAGE_STRING "GNU Awk Bundled Extensions 5.0.0"
| #define PACKAGE_BUGREPORT "bug-gawk@gnu.org"
| #define PACKAGE_URL "http://www.gnu.org/software/gawk-extensions/"
| #define PACKAGE "gawk-extensions"
| #define VERSION "5.0.0"
| /* end confdefs.h.  */
| #include <ac_nonexistent.h>
configure:4115: checking for grep that handles long lines and -e
configure:4173: result: /usr/bin/grep
configure:4178: checking for egrep
configure:4240: result: /usr/bin/grep -E
configure:4245: checking for ANSI C header files
configure:4265: gcc -c -g -O2  conftest.c >&5
configure:4265: $? = 0
configure:4338: gcc -o conftest -g -O2   conftest.c  >&5
configure:4338: $? = 0
configure:4338: ./conftest
configure:4338: $? = 0
configure:4349: result: yes
configure:4362: checking for sys/types.h
configure:4362: gcc -c -g -O2  conftest.c >&5
configure:4362: $? = 0
configure:4362: result: yes
configure:4362: checking for sys/stat.h
configure:4362: gcc -c -g -O2  conftest.c >&5
configure:4362: $? = 0
configure:4362: result: yes
configure:4362: checking for stdlib.h
configure:4362: gcc -c -g -O2  conftest.c >&5
configure:4362: $? = 0
configure:4362: result: yes
configure:4362: checking for string.h
configure:4362: gcc -c -g -O2  conftest.c >&5
configure:4362: $? = 0
configure:4362: result: yes
configure:4362: checking for memory.h
configure:4362: gcc -c -g -O2  conftest.c >&5
configure:4362: $? = 0
configure:4362: result: yes
configure:4362: checking for strings.h
configure:4362: gcc -c -g -O2  conftest.c >&5
configure:4362: $? = 0
configure:4362: result: yes
configure:4362: checking for inttypes.h
configure:4362: gcc -c -g -O2  conftest.c >&5
configure:4362: $? = 0
configure:4362: result: yes
configure:4362: checking for stdint.h
configure:4362: gcc -c -g -O2  conftest.c >&5
configure:4362: $? = 0
configure:4362: result: yes
configure:4362: checking for unistd.h
configure:4362: gcc -c -g -O2  conftest.c >&5
configure:4362: $? = 0
configure:4362: result: yes
configure:4375: checking minix/config.h usability
configure:4375: gcc -c -g -O2  conftest.c >&5
conftest.c:54:10: fatal error: minix/config.h: No such file or directory
   54 | #include <minix/config.h>
      |          ^~~~~~~~~~~~~~~~
compilation terminated.
configure:4375: $? = 1
configure: failed program was:
| /* confdefs.h */
| #define PACKAGE_NAME "GNU Awk Bundled Extensions"
| #define PACKAGE_TARNAME "gawk-extensions"
| #define PACKAGE_VERSION "5.0.0"
| #define PACKAGE_STRING "GNU Awk Bundled Extensions 5.0.0"
| #define PACKAGE_BUGREPORT "bug-gawk@gnu.org"
| #define PACKAGE_URL "http://www.gnu.org/software/gawk-extensions/"
| #define PACKAGE "gawk-extensions"
| #define VERSION "5.0.0"
| #define STDC_HEADERS 1
| #define HAVE_SYS_TYPES_H 1
| #define HAVE_SYS_STAT_H 1
| #define HAVE_STDLIB_H 1
| #define HAVE_STRING_H 1
| #define HAVE_MEMORY_H 1
| #define HAVE_STRINGS_H 1
| #define HAVE_INTTYPES_H 1
| #define HAVE_STDINT_H 1
| #define HAVE_UNISTD_H 1
| /* end confdefs.h.  */
| #include <stdio.h>
| #ifdef HAVE_SYS_TYPES_H
| # include <sys/types.h>
| #endif
| #ifdef HAVE_SYS_STAT_H
| # include <sys/stat.h>
| #endif
| #ifdef STDC_HEADERS
| # include <stdlib.h>
| # include <stddef.h>
| #else
| # ifdef HAVE_STDLIB_H
| #  include <stdlib.h>
| # endif
| #endif
| #ifdef HAVE_STRING_H
| # if !defined STDC_HEADERS && defined HAVE_MEMORY_H
| #  include <memory.h>
| # endif
| # include <string.h>
| #endif
| #ifdef HAVE_STRINGS_H
| # include <strings.h>
| #endif
| #ifdef HAVE_INTTYPES_H
| # include <inttypes.h>
| #endif
| #ifdef HAVE_STDINT_H
| # include <stdint.h>
| #endif
| #ifdef HAVE_UNISTD_H
| # include <unistd.h>
| #endif
| #include <minix/config.h>
configure:4375: result: no
configure:4375: checking minix/config.h presence
configure:4375: gcc -E  conftest.c
conftest.c:21:10: fatal error: minix/config.h: No such file or directory
   21 | #include <minix/config.h>
      |          ^~~~~~~~~~~~~~~~
compilation terminated.
configure:4375: $? = 1
configure: failed program was:
| /* confdefs.h */
| #define PACKAGE_NAME "GNU Awk Bundled Extensions"
| #define PACKAGE_TARNAME "gawk-extensions"
| #define PACKAGE_VERSION "5.0.0"
| #define PACKAGE_STRING "GNU Awk Bundled Extensions 5.0.0"
| #define PACKAGE_BUGREPORT "bug-gawk@gnu.org"
| #define PACKAGE_URL "http://www.gnu.org/software/gawk-extensions/"
| #define PACKAGE "gawk-extensions"
| #define VERSION "5.0.0"
| #define STDC_HEADERS 1
| #define HAVE_SYS_TYPES_H 1
| #define HAVE_SYS_STAT_H 1
| #define HAVE_STDLIB_H 1
| #define HAVE_STRING_H 1
| #define HAVE_MEMORY_H 1
| #define HAVE_STRINGS_H 1
| #define HAVE_INTTYPES_H 1
| #define HAVE_STDINT_H 1
| #define HAVE_UNISTD_H 1
| /* end confdefs.h.  */
| #include <minix/config.h>
configure:4375: result: no
configure:4375: checking for minix/config.h
configure:4375: result: no
configure:4396: checking whether it is safe to define __EXTENSIONS__
configure:4414: gcc -c -g -O2  conftest.c >&5
configure:4414: $? = 0
configure:4421: result: yes
configure:4436: checking for z/OS USS compilation
configure:4450: result: no
configure:4550: checking for a sed that does not truncate output
configure:4614: result: /usr/bin/sed
configure:4620: checking whether NLS is requested
configure:4629: result: yes
configure:4669: checking for msgfmt
configure:4704: result: no
configure:4710: checking for gmsgfmt
configure:4741: result: :
configure:4791: checking for xgettext
configure:4826: result: no
configure:4868: checking for msgmerge
configure:4902: result: no
configure:4936: checking build system type
configure:4950: result: x86_64-pc-linux-gnu
configure:4970: checking host system type
configure:4983: result: x86_64-pc-linux-gnu
configure:5028: checking for ld used by gcc
configure:5095: result: /usr/bin/ld
configure:5102: checking if the linker (/usr/bin/ld) is GNU ld
configure:5117: result: yes
configure:5124: checking for shared library run path origin
configure:5137: result: done
configure:5709: checking for CFPreferencesCopyAppValue
configure:5727: gcc -o conftest -g -O2   conftest.c  -Wl,-framework -Wl,CoreFoundation >&5
conftest.c:26:10: fatal error: CoreFoundation/CFPreferences.h: No such file or directory
   26 | #include <CoreFoundation/CFPreferences.h>
      |          ^~~~~~~~~~~~~~~~~~~~~~~~~~~~~~~~
compilation terminated.
configure:5727: $? = 1
configure: failed program was:
| /* confdefs.h */
| #define PACKAGE_NAME "GNU Awk Bundled Extensions"
| #define PACKAGE_TARNAME "gawk-extensions"
| #define PACKAGE_VERSION "5.0.0"
| #define PACKAGE_STRING "GNU Awk Bundled Extensions 5.0.0"
| #define PACKAGE_BUGREPORT "bug-gawk@gnu.org"
| #define PACKAGE_URL "http://www.gnu.org/software/gawk-extensions/"
| #define PACKAGE "gawk-extensions"
| #define VERSION "5.0.0"
| #define STDC_HEADERS 1
| #define HAVE_SYS_TYPES_H 1
| #define HAVE_SYS_STAT_H 1
| #define HAVE_STDLIB_H 1
| #define HAVE_STRING_H 1
| #define HAVE_MEMORY_H 1
| #define HAVE_STRINGS_H 1
| #define HAVE_INTTYPES_H 1
| #define HAVE_STDINT_H 1
| #define HAVE_UNISTD_H 1
| #define __EXTENSIONS__ 1
| #define _ALL_SOURCE 1
| #define _GNU_SOURCE 1
| #define _POSIX_PTHREAD_SEMANTICS 1
| #define _TANDEM_SOURCE 1
| /* end confdefs.h.  */
| #include <CoreFoundation/CFPreferences.h>
| int
| main ()
| {
| CFPreferencesCopyAppValue(NULL, NULL)
|   ;
|   return 0;
| }
configure:5736: result: no
configure:5743: checking for CFLocaleCopyCurrent
configure:5761: gcc -o conftest -g -O2   conftest.c  -Wl,-framework -Wl,CoreFoundation >&5
conftest.c:26:10: fatal error: CoreFoundation/CFLocale.h: No such file or directory
   26 | #include <CoreFoundation/CFLocale.h>
      |          ^~~~~~~~~~~~~~~~~~~~~~~~~~~
compilation terminated.
configure:5761: $? = 1
configure: failed program was:
| /* confdefs.h */
| #define PACKAGE_NAME "GNU Awk Bundled Extensions"
| #define PACKAGE_TARNAME "gawk-extensions"
| #define PACKAGE_VERSION "5.0.0"
| #define PACKAGE_STRING "GNU Awk Bundled Extensions 5.0.0"
| #define PACKAGE_BUGREPORT "bug-gawk@gnu.org"
| #define PACKAGE_URL "http://www.gnu.org/software/gawk-extensions/"
| #define PACKAGE "gawk-extensions"
| #define VERSION "5.0.0"
| #define STDC_HEADERS 1
| #define HAVE_SYS_TYPES_H 1
| #define HAVE_SYS_STAT_H 1
| #define HAVE_STDLIB_H 1
| #define HAVE_STRING_H 1
| #define HAVE_MEMORY_H 1
| #define HAVE_STRINGS_H 1
| #define HAVE_INTTYPES_H 1
| #define HAVE_STDINT_H 1
| #define HAVE_UNISTD_H 1
| #define __EXTENSIONS__ 1
| #define _ALL_SOURCE 1
| #define _GNU_SOURCE 1
| #define _POSIX_PTHREAD_SEMANTICS 1
| #define _TANDEM_SOURCE 1
| /* end confdefs.h.  */
| #include <CoreFoundation/CFLocale.h>
| int
| main ()
| {
| CFLocaleCopyCurrent();
|   ;
|   return 0;
| }
configure:5770: result: no
configure:5819: checking for GNU gettext in libc
configure:5843: gcc -o conftest -g -O2   conftest.c  >&5
configure:5843: $? = 0
configure:5852: result: yes
configure:6689: checking whether to use NLS
configure:6691: result: yes
configure:6694: checking where the gettext function comes from
configure:6705: result: libc
configure:6764: checking for nl_langinfo and CODESET
configure:6780: gcc -o conftest -g -O2   conftest.c  >&5
configure:6780: $? = 0
configure:6789: result: yes
configure:6798: checking for LC_MESSAGES
configure:6814: gcc -o conftest -g -O2   conftest.c  >&5
configure:6814: $? = 0
configure:6822: result: yes
configure:6831: checking for struct stat.st_blksize
configure:6831: gcc -c -g -O2  conftest.c >&5
configure:6831: $? = 0
configure:6831: result: yes
configure:6891: checking for ar
configure:6907: found /usr/bin/ar
configure:6918: result: ar
configure:6944: checking the archiver (ar) interface
configure:6960: gcc -c -g -O2  conftest.c >&5
configure:6960: $? = 0
configure:6962: ar cru libconftest.a conftest.o >&5
ar: `u' modifier ignored since `D' is the default (see `U')
configure:6965: $? = 0
configure:6964: result: ar
configure:6991: checking for special C compiler options needed for large files
configure:7036: result: no
configure:7042: checking for _FILE_OFFSET_BITS value needed for large files
configure:7067: gcc -c -g -O2  conftest.c >&5
configure:7067: $? = 0
configure:7099: result: no
configure:7261: checking how to print strings
configure:7288: result: printf
configure:7309: checking for a sed that does not truncate output
configure:7373: result: /usr/bin/sed
configure:7391: checking for fgrep
configure:7453: result: /usr/bin/grep -F
configure:7488: checking for ld used by gcc
configure:7555: result: /usr/bin/ld
configure:7562: checking if the linker (/usr/bin/ld) is GNU ld
configure:7577: result: yes
configure:7589: checking for BSD- or MS-compatible name lister (nm)
configure:7643: result: /usr/bin/nm -B
configure:7773: checking the name lister (/usr/bin/nm -B) interface
configure:7780: gcc -c -g -O2  conftest.c >&5
configure:7783: /usr/bin/nm -B "conftest.o"
configure:7786: output
0000000000000000 B some_variable
configure:7787: result: BSD nm
configure:7790: checking whether ln -s works
configure:7794: result: yes
configure:7802: checking the maximum length of command line arguments
configure:7933: result: 3145728
configure:7981: checking how to convert x86_64-pc-linux-gnu file names to x86_64-pc-linux-gnu format
configure:8021: result: func_convert_file_noop
configure:8028: checking how to convert x86_64-pc-linux-gnu file names to toolchain format
configure:8048: result: func_convert_file_noop
configure:8055: checking for /usr/bin/ld option to reload object files
configure:8062: result: -r
configure:8136: checking for objdump
configure:8152: found /usr/bin/objdump
configure:8163: result: objdump
configure:8195: checking how to recognize dependent libraries
configure:8395: result: pass_all
configure:8480: checking for dlltool
configure:8510: result: no
configure:8540: checking how to associate runtime and link libraries
configure:8567: result: printf %s\n
configure:8691: checking for archiver @FILE support
configure:8708: gcc -c -g -O2  conftest.c >&5
configure:8708: $? = 0
configure:8711: ar cru libconftest.a @conftest.lst >&5
ar: `u' modifier ignored since `D' is the default (see `U')
configure:8714: $? = 0
configure:8719: ar cru libconftest.a @conftest.lst >&5
ar: `u' modifier ignored since `D' is the default (see `U')
ar: conftest.o: No such file or directory
configure:8722: $? = 1
configure:8721: result: @
configure:8779: checking for strip
configure:8795: found /usr/bin/strip
configure:8806: result: strip
configure:8878: checking for ranlib
configure:8894: found /usr/bin/ranlib
configure:8905: result: ranlib
configure:9007: checking command to parse /usr/bin/nm -B output from gcc object
configure:9160: gcc -c -g -O2  conftest.c >&5
configure:9163: $? = 0
configure:9167: /usr/bin/nm -B conftest.o \| sed -n -e 's/^.*[ ]\([ABCDGIRSTW][ABCDGIRSTW]*\)[ ][ ]*\([_A-Za-z][_A-Za-z0-9]*\)$/\1 \2 \2/p' | sed '/ __gnu_lto/d' \> conftest.nm
configure:9170: $? = 0
configure:9236: gcc -o conftest -g -O2   conftest.c conftstm.o >&5
configure:9239: $? = 0
configure:9277: result: ok
configure:9324: checking for sysroot
configure:9354: result: no
configure:9361: checking for a working dd
configure:9399: result: /usr/bin/dd
configure:9403: checking how to truncate binary pipes
configure:9418: result: /usr/bin/dd bs=4096 count=1
configure:9554: gcc -c -g -O2  conftest.c >&5
configure:9557: $? = 0
configure:9747: checking for mt
configure:9763: found /usr/bin/mt
configure:9774: result: mt
configure:9797: checking if mt is a manifest tool
configure:9803: mt '-?'
configure:9811: result: no
configure:10485: checking for dlfcn.h
configure:10485: gcc -c -g -O2  conftest.c >&5
configure:10485: $? = 0
configure:10485: result: yes
configure:10711: checking for objdir
configure:10726: result: .libs
configure:10990: checking if gcc supports -fno-rtti -fno-exceptions
configure:11008: gcc -c -g -O2  -fno-rtti -fno-exceptions conftest.c >&5
cc1: warning: command line option '-fno-rtti' is valid for C++/D/ObjC++ but not for C
configure:11012: $? = 0
configure:11025: result: no
configure:11383: checking for gcc option to produce PIC
configure:11390: result: -fPIC -DPIC
configure:11398: checking if gcc PIC flag -fPIC -DPIC works
configure:11416: gcc -c -g -O2  -fPIC -DPIC -DPIC conftest.c >&5
configure:11420: $? = 0
configure:11433: result: yes
configure:11462: checking if gcc static flag -static works
configure:11490: result: yes
configure:11505: checking if gcc supports -c -o file.o
configure:11526: gcc -c -g -O2  -o out/conftest2.o conftest.c >&5
configure:11530: $? = 0
configure:11552: result: yes
configure:11560: checking if gcc supports -c -o file.o
configure:11607: result: yes
configure:11640: checking whether the gcc linker (/usr/bin/ld -m elf_x86_64) supports shared libraries
configure:12903: result: yes
configure:12940: checking whether -lc should be explicitly linked in
configure:12948: gcc -c -g -O2  conftest.c >&5
configure:12951: $? = 0
configure:12966: gcc -shared  -fPIC -DPIC conftest.o  -v -Wl,-soname -Wl,conftest -o conftest 2\>\&1 \| /usr/bin/grep  -lc  \>/dev/null 2\>\&1
configure:12969: $? = 0
configure:12983: result: no
configure:13143: checking dynamic linker characteristics
configure:13724: gcc -o conftest -g -O2   -Wl,-rpath -Wl,/foo conftest.c  >&5
configure:13724: $? = 0
configure:13973: result: GNU/Linux ld.so
configure:14095: checking how to hardcode library paths into programs
configure:14120: result: immediate
configure:14668: checking whether stripping libraries is possible
configure:14673: result: yes
configure:14708: checking if libtool supports shared libraries
configure:14710: result: yes
configure:14713: checking whether to build shared libraries
configure:14738: result: yes
configure:14741: checking whether to build static libraries
configure:14745: result: no
configure:11567: checking for special development options
configure:11578: result: no
configure:11586: checking fnmatch.h usability
configure:11586: gcc -c -g -O2 -Wall  conftest.c >&5
configure:11586: $? = 0
configure:11586: result: yes
configure:11586: checking fnmatch.h presence
configure:11586: gcc -E  conftest.c
configure:11586: $? = 0
configure:11586: result: yes
configure:11586: checking for fnmatch.h
configure:11586: result: yes
configure:11586: checking limits.h usability
configure:11586: gcc -c -g -O2 -Wall  conftest.c >&5
configure:11586: $? = 0
configure:11586: result: yes
configure:11586: checking limits.h presence
configure:11586: gcc -E  conftest.c
configure:11586: $? = 0
configure:11586: result: yes
configure:11586: checking for limits.h
configure:11586: result: yes
configure:11586: checking sys/mkdev.h usability
configure:11586: gcc -c -g -O2 -Wall  conftest.c >&5
conftest.c:69:10: fatal error: sys/mkdev.h: No such file or directory
   69 | #include <sys/mkdev.h>
      |          ^~~~~~~~~~~~~
compilation terminated.
configure:11586: $? = 1
configure: failed program was:
| /* confdefs.h */
| #define PACKAGE_NAME "GNU Awk Bundled Extensions"
| #define PACKAGE_TARNAME "gawk-extensions"
| #define PACKAGE_VERSION "5.0.0"
| #define PACKAGE_STRING "GNU Awk Bundled Extensions 5.0.0"
| #define PACKAGE_BUGREPORT "bug-gawk@gnu.org"
| #define PACKAGE_URL "http://www.gnu.org/software/gawk-extensions/"
| #define PACKAGE "gawk-extensions"
| #define VERSION "5.0.0"
| #define STDC_HEADERS 1
| #define HAVE_SYS_TYPES_H 1
| #define HAVE_SYS_STAT_H 1
| #define HAVE_STDLIB_H 1
| #define HAVE_STRING_H 1
| #define HAVE_MEMORY_H 1
| #define HAVE_STRINGS_H 1
| #define HAVE_INTTYPES_H 1
| #define HAVE_STDINT_H 1
| #define HAVE_UNISTD_H 1
| #define __EXTENSIONS__ 1
| #define _ALL_SOURCE 1
| #define _GNU_SOURCE 1
| #define _POSIX_PTHREAD_SEMANTICS 1
| #define _TANDEM_SOURCE 1
| #define ENABLE_NLS 1
| #define HAVE_GETTEXT 1
| #define HAVE_DCGETTEXT 1
| #define HAVE_LANGINFO_CODESET 1
| #define HAVE_LC_MESSAGES 1
| #define HAVE_STRUCT_STAT_ST_BLKSIZE 1
| #define HAVE_DLFCN_H 1
| #define LT_OBJDIR ".libs/"
| #define HAVE_FNMATCH_H 1
| #define HAVE_LIMITS_H 1
| /* end confdefs.h.  */
| #include <stdio.h>
| #ifdef HAVE_SYS_TYPES_H
| # include <sys/types.h>
| #endif
| #ifdef HAVE_SYS_STAT_H
| # include <sys/stat.h>
| #endif
| #ifdef STDC_HEADERS
| # include <stdlib.h>
| # include <stddef.h>
| #else
| # ifdef HAVE_STDLIB_H
| #  include <stdlib.h>
| # endif
| #endif
| #ifdef HAVE_STRING_H
| # if !defined STDC_HEADERS && defined HAVE_MEMORY_H
| #  include <memory.h>
| # endif
| # include <string.h>
| #endif
| #ifdef HAVE_STRINGS_H
| # include <strings.h>
| #endif
| #ifdef HAVE_INTTYPES_H
| # include <inttypes.h>
| #endif
| #ifdef HAVE_STDINT_H
| # include <stdint.h>
| #endif
| #ifdef HAVE_UNISTD_H
| # include <unistd.h>
| #endif
| #include <sys/mkdev.h>
configure:11586: result: no
configure:11586: checking sys/mkdev.h presence
configure:11586: gcc -E  conftest.c
conftest.c:36:10: fatal error: sys/mkdev.h: No such file or directory
   36 | #include <sys/mkdev.h>
      |          ^~~~~~~~~~~~~
compilation terminated.
configure:11586: $? = 1
configure: failed program was:
| /* confdefs.h */
| #define PACKAGE_NAME "GNU Awk Bundled Extensions"
| #define PACKAGE_TARNAME "gawk-extensions"
| #define PACKAGE_VERSION "5.0.0"
| #define PACKAGE_STRING "GNU Awk Bundled Extensions 5.0.0"
| #define PACKAGE_BUGREPORT "bug-gawk@gnu.org"
| #define PACKAGE_URL "http://www.gnu.org/software/gawk-extensions/"
| #define PACKAGE "gawk-extensions"
| #define VERSION "5.0.0"
| #define STDC_HEADERS 1
| #define HAVE_SYS_TYPES_H 1
| #define HAVE_SYS_STAT_H 1
| #define HAVE_STDLIB_H 1
| #define HAVE_STRING_H 1
| #define HAVE_MEMORY_H 1
| #define HAVE_STRINGS_H 1
| #define HAVE_INTTYPES_H 1
| #define HAVE_STDINT_H 1
| #define HAVE_UNISTD_H 1
| #define __EXTENSIONS__ 1
| #define _ALL_SOURCE 1
| #define _GNU_SOURCE 1
| #define _POSIX_PTHREAD_SEMANTICS 1
| #define _TANDEM_SOURCE 1
| #define ENABLE_NLS 1
| #define HAVE_GETTEXT 1
| #define HAVE_DCGETTEXT 1
| #define HAVE_LANGINFO_CODESET 1
| #define HAVE_LC_MESSAGES 1
| #define HAVE_STRUCT_STAT_ST_BLKSIZE 1
| #define HAVE_DLFCN_H 1
| #define LT_OBJDIR ".libs/"
| #define HAVE_FNMATCH_H 1
| #define HAVE_LIMITS_H 1
| /* end confdefs.h.  */
| #include <sys/mkdev.h>
configure:11586: result: no
configure:11586: checking for sys/mkdev.h
configure:11586: result: no
configure:11586: checking sys/param.h usability
configure:11586: gcc -c -g -O2 -Wall  conftest.c >&5
configure:11586: $? = 0
configure:11586: result: yes
configure:11586: checking sys/param.h presence
configure:11586: gcc -E  conftest.c
configure:11586: $? = 0
configure:11586: result: yes
configure:11586: checking for sys/param.h
configure:11586: result: yes
configure:11586: checking sys/select.h usability
configure:11586: gcc -c -g -O2 -Wall  conftest.c >&5
configure:11586: $? = 0
configure:11586: result: yes
configure:11586: checking sys/select.h presence
configure:11586: gcc -E  conftest.c
configure:11586: $? = 0
configure:11586: result: yes
configure:11586: checking for sys/select.h
configure:11586: result: yes
configure:11586: checking sys/statvfs.h usability
configure:11586: gcc -c -g -O2 -Wall  conftest.c >&5
configure:11586: $? = 0
configure:11586: result: yes
configure:11586: checking sys/statvfs.h presence
configure:11586: gcc -E  conftest.c
configure:11586: $? = 0
configure:11586: result: yes
configure:11586: checking for sys/statvfs.h
configure:11586: result: yes
configure:11586: checking sys/sysmacros.h usability
configure:11586: gcc -c -g -O2 -Wall  conftest.c >&5
configure:11586: $? = 0
configure:11586: result: yes
configure:11586: checking sys/sysmacros.h presence
configure:11586: gcc -E  conftest.c
configure:11586: $? = 0
configure:11586: result: yes
configure:11586: checking for sys/sysmacros.h
configure:11586: result: yes
configure:11586: checking sys/time.h usability
configure:11586: gcc -c -g -O2 -Wall  conftest.c >&5
configure:11586: $? = 0
configure:11586: result: yes
configure:11586: checking sys/time.h presence
configure:11586: gcc -E  conftest.c
configure:11586: $? = 0
configure:11586: result: yes
configure:11586: checking for sys/time.h
configure:11586: result: yes
configure:11600: checking for dirent.h that defines DIR
configure:11619: gcc -c -g -O2 -Wall  conftest.c >&5
configure:11619: $? = 0
configure:11627: result: yes
configure:11640: checking for library containing opendir
configure:11671: gcc -o conftest -g -O2 -Wall   conftest.c  >&5
configure:11671: $? = 0
configure:11688: result: none required
configure:11755: checking whether time.h and sys/time.h may both be included
configure:11775: gcc -c -g -O2 -Wall  conftest.c >&5
configure:11775: $? = 0
configure:11782: result: yes
configure:11816: checking whether mpfr via "-lmpfr -lgmp" is present and usable
configure:11843: gcc -o conftest -g -O2 -Wall   conftest.c  -lmpfr -lgmp >&5
conftest.c:46:10: fatal error: mpfr.h: No such file or directory
   46 | #include <mpfr.h>
      |          ^~~~~~~~
compilation terminated.
configure:11843: $? = 1
configure: failed program was:
| /* confdefs.h */
| #define PACKAGE_NAME "GNU Awk Bundled Extensions"
| #define PACKAGE_TARNAME "gawk-extensions"
| #define PACKAGE_VERSION "5.0.0"
| #define PACKAGE_STRING "GNU Awk Bundled Extensions 5.0.0"
| #define PACKAGE_BUGREPORT "bug-gawk@gnu.org"
| #define PACKAGE_URL "http://www.gnu.org/software/gawk-extensions/"
| #define PACKAGE "gawk-extensions"
| #define VERSION "5.0.0"
| #define STDC_HEADERS 1
| #define HAVE_SYS_TYPES_H 1
| #define HAVE_SYS_STAT_H 1
| #define HAVE_STDLIB_H 1
| #define HAVE_STRING_H 1
| #define HAVE_MEMORY_H 1
| #define HAVE_STRINGS_H 1
| #define HAVE_INTTYPES_H 1
| #define HAVE_STDINT_H 1
| #define HAVE_UNISTD_H 1
| #define __EXTENSIONS__ 1
| #define _ALL_SOURCE 1
| #define _GNU_SOURCE 1
| #define _POSIX_PTHREAD_SEMANTICS 1
| #define _TANDEM_SOURCE 1
| #define ENABLE_NLS 1
| #define HAVE_GETTEXT 1
| #define HAVE_DCGETTEXT 1
| #define HAVE_LANGINFO_CODESET 1
| #define HAVE_LC_MESSAGES 1
| #define HAVE_STRUCT_STAT_ST_BLKSIZE 1
| #define HAVE_DLFCN_H 1
| #define LT_OBJDIR ".libs/"
| #define HAVE_FNMATCH_H 1
| #define HAVE_LIMITS_H 1
| #define HAVE_SYS_PARAM_H 1
| #define HAVE_SYS_SELECT_H 1
| #define HAVE_SYS_STATVFS_H 1
| #define HAVE_SYS_SYSMACROS_H 1
| #define HAVE_SYS_TIME_H 1
| #define HAVE_DIRENT_H 1
| #define TIME_WITH_SYS_TIME 1
| /* end confdefs.h.  */
| 
| 
| #include <stdio.h>
| #include <mpfr.h>
| #include <gmp.h>
| 
| int
| main ()
| {
| 
| mpfr_t p;
| mpz_t z;
| mpfr_init(p);
| mpz_init(z);
| mpfr_printf("%Rf%Zd", p, z);
| mpfr_clear(p);
| mpz_clear(z);
| 
|   ;
|   return 0;
| }
configure:11851: result: no
configure:11875: checking for library containing fmod
configure:11906: gcc -o conftest -g -O2 -Wall   conftest.c  >&5
conftest.c:50:6: warning: conflicting types for built-in function 'fmod'; expected 'double(double,  double)' [-Wbuiltin-declaration-mismatch]
   50 | char fmod ();
      |      ^~~~
conftest.c:1:1: note: 'fmod' is declared in header '<math.h>'
    1 | /* confdefs.h */
/usr/bin/ld: /tmp/ccpXpZNY.o: in function `main':
/home/runner/work/AdRules/AdRules/tmp/extension/conftest.c:54: undefined reference to `fmod'
collect2: error: ld returned 1 exit status
configure:11906: $? = 1
configure: failed program was:
| /* confdefs.h */
| #define PACKAGE_NAME "GNU Awk Bundled Extensions"
| #define PACKAGE_TARNAME "gawk-extensions"
| #define PACKAGE_VERSION "5.0.0"
| #define PACKAGE_STRING "GNU Awk Bundled Extensions 5.0.0"
| #define PACKAGE_BUGREPORT "bug-gawk@gnu.org"
| #define PACKAGE_URL "http://www.gnu.org/software/gawk-extensions/"
| #define PACKAGE "gawk-extensions"
| #define VERSION "5.0.0"
| #define STDC_HEADERS 1
| #define HAVE_SYS_TYPES_H 1
| #define HAVE_SYS_STAT_H 1
| #define HAVE_STDLIB_H 1
| #define HAVE_STRING_H 1
| #define HAVE_MEMORY_H 1
| #define HAVE_STRINGS_H 1
| #define HAVE_INTTYPES_H 1
| #define HAVE_STDINT_H 1
| #define HAVE_UNISTD_H 1
| #define __EXTENSIONS__ 1
| #define _ALL_SOURCE 1
| #define _GNU_SOURCE 1
| #define _POSIX_PTHREAD_SEMANTICS 1
| #define _TANDEM_SOURCE 1
| #define ENABLE_NLS 1
| #define HAVE_GETTEXT 1
| #define HAVE_DCGETTEXT 1
| #define HAVE_LANGINFO_CODESET 1
| #define HAVE_LC_MESSAGES 1
| #define HAVE_STRUCT_STAT_ST_BLKSIZE 1
| #define HAVE_DLFCN_H 1
| #define LT_OBJDIR ".libs/"
| #define HAVE_FNMATCH_H 1
| #define HAVE_LIMITS_H 1
| #define HAVE_SYS_PARAM_H 1
| #define HAVE_SYS_SELECT_H 1
| #define HAVE_SYS_STATVFS_H 1
| #define HAVE_SYS_SYSMACROS_H 1
| #define HAVE_SYS_TIME_H 1
| #define HAVE_DIRENT_H 1
| #define TIME_WITH_SYS_TIME 1
| /* end confdefs.h.  */
| 
| /* Override any GCC internal prototype to avoid an error.
|    Use char because int might match the return type of a GCC
|    builtin and then its argument prototype would still apply.  */
| #ifdef __cplusplus
| extern "C"
| #endif
| char fmod ();
| int
| main ()
| {
| return fmod ();
|   ;
|   return 0;
| }
configure:11906: gcc -o conftest -g -O2 -Wall   conftest.c -lm   >&5
conftest.c:50:6: warning: conflicting types for built-in function 'fmod'; expected 'double(double,  double)' [-Wbuiltin-declaration-mismatch]
   50 | char fmod ();
      |      ^~~~
conftest.c:1:1: note: 'fmod' is declared in header '<math.h>'
    1 | /* confdefs.h */
configure:11906: $? = 0
configure:11923: result: -lm
configure:11936: checking for fdopendir
configure:11936: gcc -o conftest -g -O2 -Wall   conftest.c -lm  >&5
configure:11936: $? = 0
configure:11936: result: yes
configure:11936: checking for fmod
configure:11936: gcc -o conftest -g -O2 -Wall   conftest.c -lm  >&5
conftest.c:67:6: warning: conflicting types for built-in function 'fmod'; expected 'double(double,  double)' [-Wbuiltin-declaration-mismatch]
   67 | char fmod ();
      |      ^~~~
conftest.c:55:1: note: 'fmod' is declared in header '<math.h>'
   54 | # include <limits.h>
   55 | #else
configure:11936: $? = 0
configure:11936: result: yes
configure:11936: checking for fnmatch
configure:11936: gcc -o conftest -g -O2 -Wall   conftest.c -lm  >&5
configure:11936: $? = 0
configure:11936: result: yes
configure:11936: checking for getdtablesize
configure:11936: gcc -o conftest -g -O2 -Wall   conftest.c -lm  >&5
configure:11936: $? = 0
configure:11936: result: yes
configure:11936: checking for gettimeofday
configure:11936: gcc -o conftest -g -O2 -Wall   conftest.c -lm  >&5
configure:11936: $? = 0
configure:11936: result: yes
configure:11936: checking for nanosleep
configure:11936: gcc -o conftest -g -O2 -Wall   conftest.c -lm  >&5
configure:11936: $? = 0
configure:11936: result: yes
configure:11936: checking for select
configure:11936: gcc -o conftest -g -O2 -Wall   conftest.c -lm  >&5
configure:11936: $? = 0
configure:11936: result: yes
configure:11936: checking for statvfs
configure:11936: gcc -o conftest -g -O2 -Wall   conftest.c -lm  >&5
configure:11936: $? = 0
configure:11936: result: yes
configure:11936: checking for GetSystemTimeAsFileTime
configure:11936: gcc -o conftest -g -O2 -Wall   conftest.c -lm  >&5
/usr/bin/ld: /tmp/ccSoogH3.o: in function `main':
/home/runner/work/AdRules/AdRules/tmp/extension/conftest.c:85: undefined reference to `GetSystemTimeAsFileTime'
collect2: error: ld returned 1 exit status
configure:11936: $? = 1
configure: failed program was:
| /* confdefs.h */
| #define PACKAGE_NAME "GNU Awk Bundled Extensions"
| #define PACKAGE_TARNAME "gawk-extensions"
| #define PACKAGE_VERSION "5.0.0"
| #define PACKAGE_STRING "GNU Awk Bundled Extensions 5.0.0"
| #define PACKAGE_BUGREPORT "bug-gawk@gnu.org"
| #define PACKAGE_URL "http://www.gnu.org/software/gawk-extensions/"
| #define PACKAGE "gawk-extensions"
| #define VERSION "5.0.0"
| #define STDC_HEADERS 1
| #define HAVE_SYS_TYPES_H 1
| #define HAVE_SYS_STAT_H 1
| #define HAVE_STDLIB_H 1
| #define HAVE_STRING_H 1
| #define HAVE_MEMORY_H 1
| #define HAVE_STRINGS_H 1
| #define HAVE_INTTYPES_H 1
| #define HAVE_STDINT_H 1
| #define HAVE_UNISTD_H 1
| #define __EXTENSIONS__ 1
| #define _ALL_SOURCE 1
| #define _GNU_SOURCE 1
| #define _POSIX_PTHREAD_SEMANTICS 1
| #define _TANDEM_SOURCE 1
| #define ENABLE_NLS 1
| #define HAVE_GETTEXT 1
| #define HAVE_DCGETTEXT 1
| #define HAVE_LANGINFO_CODESET 1
| #define HAVE_LC_MESSAGES 1
| #define HAVE_STRUCT_STAT_ST_BLKSIZE 1
| #define HAVE_DLFCN_H 1
| #define LT_OBJDIR ".libs/"
| #define HAVE_FNMATCH_H 1
| #define HAVE_LIMITS_H 1
| #define HAVE_SYS_PARAM_H 1
| #define HAVE_SYS_SELECT_H 1
| #define HAVE_SYS_STATVFS_H 1
| #define HAVE_SYS_SYSMACROS_H 1
| #define HAVE_SYS_TIME_H 1
| #define HAVE_DIRENT_H 1
| #define TIME_WITH_SYS_TIME 1
| #define HAVE_FDOPENDIR 1
| #define HAVE_FMOD 1
| #define HAVE_FNMATCH 1
| #define HAVE_GETDTABLESIZE 1
| #define HAVE_GETTIMEOFDAY 1
| #define HAVE_NANOSLEEP 1
| #define HAVE_SELECT 1
| #define HAVE_STATVFS 1
| /* end confdefs.h.  */
| /* Define GetSystemTimeAsFileTime to an innocuous variant, in case <limits.h> declares GetSystemTimeAsFileTime.
|    For example, HP-UX 11i <limits.h> declares gettimeofday.  */
| #define GetSystemTimeAsFileTime innocuous_GetSystemTimeAsFileTime
| 
| /* System header to define __stub macros and hopefully few prototypes,
|     which can conflict with char GetSystemTimeAsFileTime (); below.
|     Prefer <limits.h> to <assert.h> if __STDC__ is defined, since
|     <limits.h> exists even on freestanding compilers.  */
| 
| #ifdef __STDC__
| # include <limits.h>
| #else
| # include <assert.h>
| #endif
| 
| #undef GetSystemTimeAsFileTime
| 
| /* Override any GCC internal prototype to avoid an error.
|    Use char because int might match the return type of a GCC
|    builtin and then its argument prototype would still apply.  */
| #ifdef __cplusplus
| extern "C"
| #endif
| char GetSystemTimeAsFileTime ();
| /* The GNU C library defines this for functions which it implements
|     to always fail with ENOSYS.  Some functions are actually named
|     something starting with __ and the normal name is an alias.  */
| #if defined __stub_GetSystemTimeAsFileTime || defined __stub___GetSystemTimeAsFileTime
| choke me
| #endif
| 
| int
| main ()
| {
| return GetSystemTimeAsFileTime ();
|   ;
|   return 0;
| }
configure:11936: result: no
configure:11952: checking for dirfd
configure:11952: gcc -o conftest -g -O2 -Wall   conftest.c -lm  >&5
configure:11952: $? = 0
configure:11952: result: yes
configure:11961: checking whether dirfd is declared
configure:11961: gcc -c -g -O2 -Wall  conftest.c >&5
configure:11961: $? = 0
configure:11961: result: yes
configure:11978: checking whether dirfd is a macro
configure:12001: result: no
configure:12013: checking how to get the file descriptor associated with an open DIR*
configure:12036: gcc -c -g -O2 -Wall -DDIR_FD_MEMBER_NAME=d_fd  conftest.c >&5
conftest.c: In function 'main':
conftest.c:59:40: error: dereferencing pointer to incomplete type 'DIR' {aka 'struct __dirstream'}
   59 | DIR *dir_p = opendir("."); (void) dir_p->DIR_FD_MEMBER_NAME;
      |                                        ^~
configure:12036: $? = 1
configure: failed program was:
| /* confdefs.h */
| #define PACKAGE_NAME "GNU Awk Bundled Extensions"
| #define PACKAGE_TARNAME "gawk-extensions"
| #define PACKAGE_VERSION "5.0.0"
| #define PACKAGE_STRING "GNU Awk Bundled Extensions 5.0.0"
| #define PACKAGE_BUGREPORT "bug-gawk@gnu.org"
| #define PACKAGE_URL "http://www.gnu.org/software/gawk-extensions/"
| #define PACKAGE "gawk-extensions"
| #define VERSION "5.0.0"
| #define STDC_HEADERS 1
| #define HAVE_SYS_TYPES_H 1
| #define HAVE_SYS_STAT_H 1
| #define HAVE_STDLIB_H 1
| #define HAVE_STRING_H 1
| #define HAVE_MEMORY_H 1
| #define HAVE_STRINGS_H 1
| #define HAVE_INTTYPES_H 1
| #define HAVE_STDINT_H 1
| #define HAVE_UNISTD_H 1
| #define __EXTENSIONS__ 1
| #define _ALL_SOURCE 1
| #define _GNU_SOURCE 1
| #define _POSIX_PTHREAD_SEMANTICS 1
| #define _TANDEM_SOURCE 1
| #define ENABLE_NLS 1
| #define HAVE_GETTEXT 1
| #define HAVE_DCGETTEXT 1
| #define HAVE_LANGINFO_CODESET 1
| #define HAVE_LC_MESSAGES 1
| #define HAVE_STRUCT_STAT_ST_BLKSIZE 1
| #define HAVE_DLFCN_H 1
| #define LT_OBJDIR ".libs/"
| #define HAVE_FNMATCH_H 1
| #define HAVE_LIMITS_H 1
| #define HAVE_SYS_PARAM_H 1
| #define HAVE_SYS_SELECT_H 1
| #define HAVE_SYS_STATVFS_H 1
| #define HAVE_SYS_SYSMACROS_H 1
| #define HAVE_SYS_TIME_H 1
| #define HAVE_DIRENT_H 1
| #define TIME_WITH_SYS_TIME 1
| #define HAVE_FDOPENDIR 1
| #define HAVE_FMOD 1
| #define HAVE_FNMATCH 1
| #define HAVE_GETDTABLESIZE 1
| #define HAVE_GETTIMEOFDAY 1
| #define HAVE_NANOSLEEP 1
| #define HAVE_SELECT 1
| #define HAVE_STATVFS 1
| #define HAVE_DIRFD 1
| #define HAVE_DECL_DIRFD 1
| /* end confdefs.h.  */
| 
|            #include <sys/types.h>
|            #include <dirent.h>
| int
| main ()
| {
| DIR *dir_p = opendir("."); (void) dir_p->DIR_FD_MEMBER_NAME;
|   ;
|   return 0;
| }
configure:12036: gcc -c -g -O2 -Wall -DDIR_FD_MEMBER_NAME=dd_fd  conftest.c >&5
conftest.c: In function 'main':
conftest.c:59:40: error: dereferencing pointer to incomplete type 'DIR' {aka 'struct __dirstream'}
   59 | DIR *dir_p = opendir("."); (void) dir_p->DIR_FD_MEMBER_NAME;
      |                                        ^~
configure:12036: $? = 1
configure: failed program was:
| /* confdefs.h */
| #define PACKAGE_NAME "GNU Awk Bundled Extensions"
| #define PACKAGE_TARNAME "gawk-extensions"
| #define PACKAGE_VERSION "5.0.0"
| #define PACKAGE_STRING "GNU Awk Bundled Extensions 5.0.0"
| #define PACKAGE_BUGREPORT "bug-gawk@gnu.org"
| #define PACKAGE_URL "http://www.gnu.org/software/gawk-extensions/"
| #define PACKAGE "gawk-extensions"
| #define VERSION "5.0.0"
| #define STDC_HEADERS 1
| #define HAVE_SYS_TYPES_H 1
| #define HAVE_SYS_STAT_H 1
| #define HAVE_STDLIB_H 1
| #define HAVE_STRING_H 1
| #define HAVE_MEMORY_H 1
| #define HAVE_STRINGS_H 1
| #define HAVE_INTTYPES_H 1
| #define HAVE_STDINT_H 1
| #define HAVE_UNISTD_H 1
| #define __EXTENSIONS__ 1
| #define _ALL_SOURCE 1
| #define _GNU_SOURCE 1
| #define _POSIX_PTHREAD_SEMANTICS 1
| #define _TANDEM_SOURCE 1
| #define ENABLE_NLS 1
| #define HAVE_GETTEXT 1
| #define HAVE_DCGETTEXT 1
| #define HAVE_LANGINFO_CODESET 1
| #define HAVE_LC_MESSAGES 1
| #define HAVE_STRUCT_STAT_ST_BLKSIZE 1
| #define HAVE_DLFCN_H 1
| #define LT_OBJDIR ".libs/"
| #define HAVE_FNMATCH_H 1
| #define HAVE_LIMITS_H 1
| #define HAVE_SYS_PARAM_H 1
| #define HAVE_SYS_SELECT_H 1
| #define HAVE_SYS_STATVFS_H 1
| #define HAVE_SYS_SYSMACROS_H 1
| #define HAVE_SYS_TIME_H 1
| #define HAVE_DIRENT_H 1
| #define TIME_WITH_SYS_TIME 1
| #define HAVE_FDOPENDIR 1
| #define HAVE_FMOD 1
| #define HAVE_FNMATCH 1
| #define HAVE_GETDTABLESIZE 1
| #define HAVE_GETTIMEOFDAY 1
| #define HAVE_NANOSLEEP 1
| #define HAVE_SELECT 1
| #define HAVE_STATVFS 1
| #define HAVE_DIRFD 1
| #define HAVE_DECL_DIRFD 1
| /* end confdefs.h.  */
| 
|            #include <sys/types.h>
|            #include <dirent.h>
| int
| main ()
| {
| DIR *dir_p = opendir("."); (void) dir_p->DIR_FD_MEMBER_NAME;
|   ;
|   return 0;
| }
configure:12050: result: no_such_member
configure:12062: checking for inline
configure:12078: gcc -c -g -O2 -Wall  conftest.c >&5
configure:12078: $? = 0
configure:12086: result: inline
configure:12212: checking that generated files are newer than configure
configure:12218: result: done
configure:12241: creating ./config.status

## ---------------------- ##
## Running config.status. ##
## ---------------------- ##

This file was extended by GNU Awk Bundled Extensions config.status 5.0.0, which was
generated by GNU Autoconf 2.69.  Invocation command line was

  CONFIG_FILES    = 
  CONFIG_HEADERS  = 
  CONFIG_LINKS    = 
  CONFIG_COMMANDS = 
  $ ./config.status 

on fv-az167-750

config.status:1139: creating Makefile
config.status:1139: creating po/Makefile.in
config.status:1139: creating config.h
config.status:1353: executing depfiles commands
config.status:1430: cd .       && sed -e '/# am--include-marker/d' Makefile         | make -f - am--depfiles
config.status:1435: $? = 0
config.status:1353: executing po-directories commands
config.status:1353: executing libtool commands

## ---------------- ##
## Cache variables. ##
## ---------------- ##

ac_cv_build=x86_64-pc-linux-gnu
ac_cv_c_compiler_gnu=yes
ac_cv_c_inline=inline
ac_cv_env_CC_set=
ac_cv_env_CC_value=
ac_cv_env_CFLAGS_set=
ac_cv_env_CFLAGS_value=
ac_cv_env_CPPFLAGS_set=
ac_cv_env_CPPFLAGS_value=
ac_cv_env_CPP_set=
ac_cv_env_CPP_value=
ac_cv_env_LDFLAGS_set=
ac_cv_env_LDFLAGS_value=
ac_cv_env_LIBS_set=
ac_cv_env_LIBS_value=
ac_cv_env_LT_SYS_LIBRARY_PATH_set=
ac_cv_env_LT_SYS_LIBRARY_PATH_value=
ac_cv_env_build_alias_set=
ac_cv_env_build_alias_value=
ac_cv_env_host_alias_set=
ac_cv_env_host_alias_value=
ac_cv_env_target_alias_set=
ac_cv_env_target_alias_value=
ac_cv_func_GetSystemTimeAsFileTime=no
ac_cv_func_dirfd=yes
ac_cv_func_fdopendir=yes
ac_cv_func_fmod=yes
ac_cv_func_fnmatch=yes
ac_cv_func_getdtablesize=yes
ac_cv_func_gettimeofday=yes
ac_cv_func_nanosleep=yes
ac_cv_func_select=yes
ac_cv_func_statvfs=yes
ac_cv_have_decl_dirfd=yes
ac_cv_header_dirent_dirent_h=yes
ac_cv_header_dlfcn_h=yes
ac_cv_header_fnmatch_h=yes
ac_cv_header_inttypes_h=yes
ac_cv_header_limits_h=yes
ac_cv_header_memory_h=yes
ac_cv_header_minix_config_h=no
ac_cv_header_stdc=yes
ac_cv_header_stdint_h=yes
ac_cv_header_stdlib_h=yes
ac_cv_header_string_h=yes
ac_cv_header_strings_h=yes
ac_cv_header_sys_mkdev_h=no
ac_cv_header_sys_param_h=yes
ac_cv_header_sys_select_h=yes
ac_cv_header_sys_stat_h=yes
ac_cv_header_sys_statvfs_h=yes
ac_cv_header_sys_sysmacros_h=yes
ac_cv_header_sys_time_h=yes
ac_cv_header_sys_types_h=yes
ac_cv_header_time=yes
ac_cv_header_unistd_h=yes
ac_cv_host=x86_64-pc-linux-gnu
ac_cv_member_struct_stat_st_blksize=yes
ac_cv_objext=o
ac_cv_path_EGREP='/usr/bin/grep -E'
ac_cv_path_FGREP='/usr/bin/grep -F'
ac_cv_path_GMSGFMT=:
ac_cv_path_GREP=/usr/bin/grep
ac_cv_path_MSGFMT=:
ac_cv_path_MSGMERGE=:
ac_cv_path_SED=/usr/bin/sed
ac_cv_path_XGETTEXT=:
ac_cv_path_lt_DD=/usr/bin/dd
ac_cv_path_mkdir=/usr/bin/mkdir
ac_cv_prog_AWK=gawk
ac_cv_prog_CPP='gcc -E'
ac_cv_prog_ac_ct_AR=ar
ac_cv_prog_ac_ct_CC=gcc
ac_cv_prog_ac_ct_MANIFEST_TOOL=mt
ac_cv_prog_ac_ct_OBJDUMP=objdump
ac_cv_prog_ac_ct_RANLIB=ranlib
ac_cv_prog_ac_ct_STRIP=strip
ac_cv_prog_cc_c89=
ac_cv_prog_cc_g=yes
ac_cv_prog_make_make_set=yes
ac_cv_safe_to_define___extensions__=yes
ac_cv_search_fmod=-lm
ac_cv_search_opendir='none required'
ac_cv_sys_file_offset_bits=no
ac_cv_sys_largefile_CC=no
ac_cv_zos_uss=no
acl_cv_hardcode_direct=no
acl_cv_hardcode_libdir_flag_spec='${wl}-rpath ${wl}$libdir'
acl_cv_hardcode_libdir_separator=
acl_cv_hardcode_minus_L=no
acl_cv_libext=a
acl_cv_libname_spec='lib$name'
acl_cv_library_names_spec='$libname$shrext'
acl_cv_path_LD=/usr/bin/ld
acl_cv_prog_gnu_ld=yes
acl_cv_rpath=done
acl_cv_shlibext=so
acl_cv_wl=-Wl,
am_cv_CC_dependencies_compiler_type=gcc3
am_cv_ar_interface=ar
am_cv_langinfo_codeset=yes
am_cv_make_support_nested_variables=yes
am_cv_prog_cc_c_o=yes
gl_cv_func_dirfd_macro=no
gl_cv_sys_dir_fd_member_name=no_such_member
gt_cv_func_CFLocaleCopyCurrent=no
gt_cv_func_CFPreferencesCopyAppValue=no
gt_cv_func_gnugettext1_libc=yes
gt_cv_val_LC_MESSAGES=yes
lt_cv_ar_at_file=@
lt_cv_archive_cmds_need_lc=no
lt_cv_deplibs_check_method=pass_all
lt_cv_file_magic_cmd='$MAGIC_CMD'
lt_cv_file_magic_test_file=
lt_cv_ld_reload_flag=-r
lt_cv_nm_interface='BSD nm'
lt_cv_objdir=.libs
lt_cv_path_LD=/usr/bin/ld
lt_cv_path_NM='/usr/bin/nm -B'
lt_cv_path_mainfest_tool=no
lt_cv_prog_compiler_c_o=yes
lt_cv_prog_compiler_pic='-fPIC -DPIC'
lt_cv_prog_compiler_pic_works=yes
lt_cv_prog_compiler_rtti_exceptions=no
lt_cv_prog_compiler_static_works=yes
lt_cv_prog_gnu_ld=yes
lt_cv_sharedlib_from_linklib_cmd='printf %s\n'
lt_cv_shlibpath_overrides_runpath=yes
lt_cv_sys_global_symbol_pipe='sed -n -e '\''s/^.*[	 ]\([ABCDGIRSTW][ABCDGIRSTW]*\)[	 ][	 ]*\([_A-Za-z][_A-Za-z0-9]*\)$/\1 \2 \2/p'\'' | sed '\''/ __gnu_lto/d'\'''
lt_cv_sys_global_symbol_to_c_name_address='sed -n -e '\''s/^: \(.*\) .*$/  {"\1", (void *) 0},/p'\'' -e '\''s/^[ABCDGIRSTW][ABCDGIRSTW]* .* \(.*\)$/  {"\1", (void *) \&\1},/p'\'''
lt_cv_sys_global_symbol_to_c_name_address_lib_prefix='sed -n -e '\''s/^: \(.*\) .*$/  {"\1", (void *) 0},/p'\'' -e '\''s/^[ABCDGIRSTW][ABCDGIRSTW]* .* \(lib.*\)$/  {"\1", (void *) \&\1},/p'\'' -e '\''s/^[ABCDGIRSTW][ABCDGIRSTW]* .* \(.*\)$/  {"lib\1", (void *) \&\1},/p'\'''
lt_cv_sys_global_symbol_to_cdecl='sed -n -e '\''s/^T .* \(.*\)$/extern int \1();/p'\'' -e '\''s/^[ABCDGIRSTW][ABCDGIRSTW]* .* \(.*\)$/extern char \1;/p'\'''
lt_cv_sys_global_symbol_to_import=
lt_cv_sys_max_cmd_len=3145728
lt_cv_to_host_file_cmd=func_convert_file_noop
lt_cv_to_tool_file_cmd=func_convert_file_noop
lt_cv_truncate_bin='/usr/bin/dd bs=4096 count=1'

## ----------------- ##
## Output variables. ##
## ----------------- ##

ACLOCAL='${SHELL} /home/runner/work/AdRules/AdRules/tmp/gawk-5.0.0/extension/build-aux/missing aclocal-1.16'
AMDEPBACKSLASH='\'
AMDEP_FALSE='#'
AMDEP_TRUE=''
AMTAR='$${TAR-tar}'
AM_BACKSLASH='\'
AM_DEFAULT_V='$(AM_DEFAULT_VERBOSITY)'
AM_DEFAULT_VERBOSITY='1'
AM_V='$(V)'
AR='ar'
AUTOCONF='${SHELL} /home/runner/work/AdRules/AdRules/tmp/gawk-5.0.0/extension/build-aux/missing autoconf'
AUTOHEADER='${SHELL} /home/runner/work/AdRules/AdRules/tmp/gawk-5.0.0/extension/build-aux/missing autoheader'
AUTOMAKE='${SHELL} /home/runner/work/AdRules/AdRules/tmp/gawk-5.0.0/extension/build-aux/missing automake-1.16'
AWK='gawk'
CC='gcc'
CCDEPMODE='depmode=gcc3'
CFLAGS='-g -O2 -Wall'
CPP='gcc -E'
CPPFLAGS=''
CYGPATH_W='echo'
DEFS='-DHAVE_CONFIG_H'
DEPDIR='.deps'
DLLTOOL='false'
DSYMUTIL=''
DUMPBIN=''
ECHO_C=''
ECHO_N='-n'
ECHO_T=''
EGREP='/usr/bin/grep -E'
EXEEXT=''
FGREP='/usr/bin/grep -F'
GETTEXT_MACRO_VERSION='0.19'
GMSGFMT=':'
GMSGFMT_015=':'
GREP='/usr/bin/grep'
INSTALL_DATA='${INSTALL} -m 644'
INSTALL_PROGRAM='${INSTALL}'
INSTALL_SCRIPT='${INSTALL}'
INSTALL_STRIP_PROGRAM='$(install_sh) -c -s'
INTLLIBS=''
INTL_MACOSX_LIBS=''
LD='/usr/bin/ld -m elf_x86_64'
LDFLAGS=''
LIBICONV='-liconv'
LIBINTL=''
LIBMPFR=''
LIBOBJS=''
LIBS='-lm '
LIBTOOL='$(SHELL) $(top_builddir)/libtool'
LIPO=''
LN_S='ln -s'
LTLIBICONV='-liconv'
LTLIBINTL=''
LTLIBOBJS=''
LT_SYS_LIBRARY_PATH=''
MAKEINFO='${SHELL} /home/runner/work/AdRules/AdRules/tmp/gawk-5.0.0/extension/build-aux/missing makeinfo'
MANIFEST_TOOL=':'
MKDIR_P='/usr/bin/mkdir -p'
MSGFMT=':'
MSGFMT_015=':'
MSGMERGE=':'
NM='/usr/bin/nm -B'
NMEDIT=''
OBJDUMP='objdump'
OBJEXT='o'
OTOOL64=''
OTOOL=''
PACKAGE='gawk-extensions'
PACKAGE_BUGREPORT='bug-gawk@gnu.org'
PACKAGE_NAME='GNU Awk Bundled Extensions'
PACKAGE_STRING='GNU Awk Bundled Extensions 5.0.0'
PACKAGE_TARNAME='gawk-extensions'
PACKAGE_URL='http://www.gnu.org/software/gawk-extensions/'
PACKAGE_VERSION='5.0.0'
PATH_SEPARATOR=':'
POSUB='po'
RANLIB='ranlib'
SED='/usr/bin/sed'
SET_MAKE=''
SHELL='/bin/bash'
STRIP='strip'
USE_NLS='yes'
VERSION='5.0.0'
XGETTEXT=':'
XGETTEXT_015=':'
XGETTEXT_EXTRA_OPTIONS=''
ac_ct_AR='ar'
ac_ct_CC='gcc'
ac_ct_DUMPBIN=''
am__EXEEXT_FALSE=''
am__EXEEXT_TRUE='#'
am__fastdepCC_FALSE='#'
am__fastdepCC_TRUE=''
am__include='include'
am__isrc=' -I$(srcdir)'
am__leading_dot='.'
am__nodep='_no'
am__quote=''
am__tar='$${TAR-tar} chof - "$$tardir"'
am__untar='$${TAR-tar} xf -'
bindir='${exec_prefix}/bin'
build='x86_64-pc-linux-gnu'
build_alias=''
build_cpu='x86_64'
build_os='linux-gnu'
build_vendor='pc'
datadir='${datarootdir}'
datarootdir='${prefix}/share'
docdir='${datarootdir}/doc/${PACKAGE_TARNAME}'
dvidir='${docdir}'
exec_prefix='${prefix}'
host='x86_64-pc-linux-gnu'
host_alias=''
host_cpu='x86_64'
host_os='linux-gnu'
host_vendor='pc'
htmldir='${docdir}'
includedir='${prefix}/include'
infodir='${datarootdir}/info'
install_sh='${SHELL} /home/runner/work/AdRules/AdRules/tmp/gawk-5.0.0/extension/build-aux/install-sh'
libdir='${exec_prefix}/lib'
libexecdir='${exec_prefix}/libexec'
localedir='${datarootdir}/locale'
localstatedir='${prefix}/var'
mandir='${datarootdir}/man'
mkdir_p='$(MKDIR_P)'
oldincludedir='/usr/include'
pdfdir='${docdir}'
pkgextensiondir='${libdir}/gawk'
prefix='/usr/local'
program_transform_name='s,x,x,'
psdir='${docdir}'
sbindir='${exec_prefix}/sbin'
sharedstatedir='${prefix}/com'
sysconfdir='${prefix}/etc'
target_alias=''

## ----------- ##
## confdefs.h. ##
## ----------- ##

/* confdefs.h */
#define PACKAGE_NAME "GNU Awk Bundled Extensions"
#define PACKAGE_TARNAME "gawk-extensions"
#define PACKAGE_VERSION "5.0.0"
#define PACKAGE_STRING "GNU Awk Bundled Extensions 5.0.0"
#define PACKAGE_BUGREPORT "bug-gawk@gnu.org"
#define PACKAGE_URL "http://www.gnu.org/software/gawk-extensions/"
#define PACKAGE "gawk-extensions"
#define VERSION "5.0.0"
#define STDC_HEADERS 1
#define HAVE_SYS_TYPES_H 1
#define HAVE_SYS_STAT_H 1
#define HAVE_STDLIB_H 1
#define HAVE_STRING_H 1
#define HAVE_MEMORY_H 1
#define HAVE_STRINGS_H 1
#define HAVE_INTTYPES_H 1
#define HAVE_STDINT_H 1
#define HAVE_UNISTD_H 1
#define __EXTENSIONS__ 1
#define _ALL_SOURCE 1
#define _GNU_SOURCE 1
#define _POSIX_PTHREAD_SEMANTICS 1
#define _TANDEM_SOURCE 1
#define ENABLE_NLS 1
#define HAVE_GETTEXT 1
#define HAVE_DCGETTEXT 1
#define HAVE_LANGINFO_CODESET 1
#define HAVE_LC_MESSAGES 1
#define HAVE_STRUCT_STAT_ST_BLKSIZE 1
#define HAVE_DLFCN_H 1
#define LT_OBJDIR ".libs/"
#define HAVE_FNMATCH_H 1
#define HAVE_LIMITS_H 1
#define HAVE_SYS_PARAM_H 1
#define HAVE_SYS_SELECT_H 1
#define HAVE_SYS_STATVFS_H 1
#define HAVE_SYS_SYSMACROS_H 1
#define HAVE_SYS_TIME_H 1
#define HAVE_DIRENT_H 1
#define TIME_WITH_SYS_TIME 1
#define HAVE_FDOPENDIR 1
#define HAVE_FMOD 1
#define HAVE_FNMATCH 1
#define HAVE_GETDTABLESIZE 1
#define HAVE_GETTIMEOFDAY 1
#define HAVE_NANOSLEEP 1
#define HAVE_SELECT 1
#define HAVE_STATVFS 1
#define HAVE_DIRFD 1
#define HAVE_DECL_DIRFD 1

configure: exit 0
